<?xml version="1.0" encoding="UTF-8"?>
<!-- Generated by org.testng.reporters.JUnitReportReporter -->
<testsuite skipped="0" hostname="LAPTOP-3J7R3C3A" name="com.nbcu.tests.NasaSoundsGetTest" tests="1" failures="0" timestamp="28 Jun 2017 23:03:29 GMT" time="1.978" errors="0">
  <testcase name="getTenNasaSounds" time="1.978" classname="com.nbcu.tests.NasaSoundsGetTest"/>
</testsuite> <!-- com.nbcu.tests.NasaSoundsGetTest -->
